<?xml version="1.0" encoding="UTF-8"?>
<!-- Generated by org.testng.reporters.JUnitXMLReporter -->
<testsuite ignored="0" hostname="Bharath" failures="1" tests="13" name="Test" time="131.361" errors="0" timestamp="2026-01-09T09:01:46 IST">
  <testcase classname="com.creatio.crm.application.tests.ApplicationTest" name="verifyCookiesPopupDisplayed" time="4.216"/>
  <testcase classname="com.creatio.crm.application.tests.ApplicationTest" name="verifyCookiesPopupContent" time="4.178"/>
  <testcase classname="com.creatio.crm.application.tests.ApplicationTest" name="verifyCookiesPopupLogos" time="4.723"/>
  <testcase classname="com.creatio.crm.application.tests.ApplicationTest" name="verifyCookieSelectionButtons" time="4.183"/>
  <testcase classname="com.creatio.crm.application.tests.ApplicationTest" name="verifyCookieSwitchButtons" time="24.34">
    <failure type="org.openqa.selenium.TimeoutException" message="Expected condition failed: waiting for visibility of [[ChromeDriver: chrome on windows (9599b0567988e1cf1a98625c6d7e72d1)] -&amp;gt; xpath: //input[@id=&amp;apos;CybotCookiebotDialogBodyLevelButtonNecessary&amp;apos;]] (tried for 20 second(s) with 500 milliseconds interval)
Build info: version: &amp;apos;4.39.0&amp;apos;, revision: &amp;apos;126f156aee&amp;apos;
System info: os.name: &amp;apos;Windows 11&amp;apos;, os.arch: &amp;apos;amd64&amp;apos;, os.version: &amp;apos;10.0&amp;apos;, java.version: &amp;apos;21.0.8&amp;apos;
Driver info: org.openqa.selenium.chrome.ChromeDriver
Capabilities {acceptInsecureCerts: false, browserName: chrome, browserVersion: 143.0.7499.170, chrome: {chromedriverVersion: 143.0.7499.192 (be2c1f4fd45..., userDataDir: C:\Users\india\AppData\Loca...}, fedcm:accounts: true, goog:chromeOptions: {debuggerAddress: localhost:54727}, goog:processID: 18388, networkConnectionEnabled: false, pageLoadStrategy: normal, platformName: windows, proxy: Proxy(), se:cdp: ws://localhost:54727/devtoo..., se:cdpVersion: 143.0.7499.170, setWindowRect: true, strictFileInteractability: false, timeouts: {implicit: 0, pageLoad: 300000, script: 30000}, unhandledPromptBehavior: dismiss and notify, webauthn:extension:credBlob: true, webauthn:extension:largeBlob: true, webauthn:extension:minPinLength: true, webauthn:extension:prf: true, webauthn:virtualAuthenticators: true}
Session ID: 9599b0567988e1cf1a98625c6d7e72d1">
      <![CDATA[org.openqa.selenium.TimeoutException: Expected condition failed: waiting for visibility of [[ChromeDriver: chrome on windows (9599b0567988e1cf1a98625c6d7e72d1)] -> xpath: //input[@id='CybotCookiebotDialogBodyLevelButtonNecessary']] (tried for 20 second(s) with 500 milliseconds interval)
Build info: version: '4.39.0', revision: '126f156aee'
System info: os.name: 'Windows 11', os.arch: 'amd64', os.version: '10.0', java.version: '21.0.8'
Driver info: org.openqa.selenium.chrome.ChromeDriver
Capabilities {acceptInsecureCerts: false, browserName: chrome, browserVersion: 143.0.7499.170, chrome: {chromedriverVersion: 143.0.7499.192 (be2c1f4fd45..., userDataDir: C:\Users\india\AppData\Loca...}, fedcm:accounts: true, goog:chromeOptions: {debuggerAddress: localhost:54727}, goog:processID: 18388, networkConnectionEnabled: false, pageLoadStrategy: normal, platformName: windows, proxy: Proxy(), se:cdp: ws://localhost:54727/devtoo..., se:cdpVersion: 143.0.7499.170, setWindowRect: true, strictFileInteractability: false, timeouts: {implicit: 0, pageLoad: 300000, script: 30000}, unhandledPromptBehavior: dismiss and notify, webauthn:extension:credBlob: true, webauthn:extension:largeBlob: true, webauthn:extension:minPinLength: true, webauthn:extension:prf: true, webauthn:virtualAuthenticators: true}
Session ID: 9599b0567988e1cf1a98625c6d7e72d1
at org.openqa.selenium.support.ui.WebDriverWait.timeoutException(WebDriverWait.java:84)
at org.openqa.selenium.support.ui.FluentWait.until(FluentWait.java:228)
at com.creatio.crm.framework.web.commons.WebCommons.waitForElement(WebCommons.java:171)
at com.creatio.crm.application.steps.CookiesPageSteps.verifyCookieSwitchButtons(CookiesPageSteps.java:46)
at com.creatio.crm.application.tests.ApplicationTest.verifyCookieSwitchButtons(ApplicationTest.java:45)
at java.base/java.util.ArrayList.forEach(ArrayList.java:1596)
... Removed 25 stack frames]]>
    </failure>
  </testcase> <!-- verifyCookieSwitchButtons -->
  <testcase classname="com.creatio.crm.application.tests.ApplicationTest" name="verifyShowDetailsLinkAndExpandedView" time="2.928"/>
  <testcase classname="com.creatio.crm.application.tests.ApplicationTest" name="verifyCookiesPopupClosedOnAllowAll" time="5.102"/>
  <testcase classname="com.creatio.crm.application.tests.ApplicationTest" name="verifyCookiesPopupClosedOnDeny" time="5.369"/>
  <testcase classname="com.creatio.crm.application.tests.ApplicationTest" name="verifySignUpLinkFunctionality" time="6.101"/>
  <testcase classname="com.creatio.crm.application.tests.ApplicationTest" name="verifyForgotPasswordLink" time="4.866"/>
  <testcase classname="com.creatio.crm.application.tests.ApplicationTest" name="verifySocialMediaLinksDisplayedInLoginPage" time="4.418"/>
  <testcase classname="com.creatio.crm.application.tests.ApplicationTest" name="verifyLoginFunctionality" time="14.464"/>
  <testcase classname="com.creatio.crm.application.tests.ApplicationTest" name="verifyLogoutFunctionality" time="23.335"/>
</testsuite> <!-- Test -->
