<html>
<head>
<title>TestNG:  Test</title>
<link href="../testng.css" rel="stylesheet" type="text/css" />
<link href="../my-testng.css" rel="stylesheet" type="text/css" />

<style type="text/css">
.log { display: none;} 
.stack-trace { display: none;} 
</style>
<script type="text/javascript">
<!--
function flip(e) {
  current = e.style.display;
  if (current == 'block') {
    e.style.display = 'none';
    return 0;
  }
  else {
    e.style.display = 'block';
    return 1;
  }
}

function toggleBox(szDivId, elem, msg1, msg2)
{
  var res = -1;  if (document.getElementById) {
    res = flip(document.getElementById(szDivId));
  }
  else if (document.all) {
    // this is the way old msie versions work
    res = flip(document.all[szDivId]);
  }
  if(elem) {
    if(res == 0) elem.innerHTML = msg1; else elem.innerHTML = msg2;
  }

}

function toggleAllBoxes() {
  if (document.getElementsByTagName) {
    d = document.getElementsByTagName('div');
    for (i = 0; i < d.length; i++) {
      if (d[i].className == 'log') {
        flip(d[i]);
      }
    }
  }
}

// -->
</script>

</head>
<body>
<h2 align='center'>Test</h2><table border='1' align="center">
<tr>
<td>Tests passed/Failed/Skipped:</td><td>12/1/0</td>
</tr><tr>
<td>Started on:</td><td>Fri Jan 09 08:59:35 IST 2026</td>
</tr>
<tr><td>Total time:</td><td>131 seconds (131361 ms)</td>
</tr><tr>
<td>Included groups:</td><td></td>
</tr><tr>
<td>Excluded groups:</td><td></td>
</tr>
</table><p/>
<small><i>(Hover the method name to see the test class name)</i></small><p/>
<table width='100%' border='1' class='invocation-failed'>
<tr><td colspan='4' align='center'><b>FAILED TESTS</b></td></tr>
<tr><td><b>Test method</b></td>
<td><b>Attribute(s)</b></td>
<td width="30%"><b>Exception</b></td>
<td width="10%"><b>Time (seconds)</b></td>
<td><b>Instance</b></td>
</tr>
<tr>
<td title='com.creatio.crm.application.tests.ApplicationTest.verifyCookieSwitchButtons()'><b>verifyCookieSwitchButtons</b><br>Test class: com.creatio.crm.application.tests.ApplicationTest</td>
<td><div><pre>org.openqa.selenium.TimeoutException: Expected condition failed: waiting for visibility of [[ChromeDriver: chrome on windows (9599b0567988e1cf1a98625c6d7e72d1)] -&gt; xpath: //input[@id=&apos;CybotCookiebotDialogBodyLevelButtonNecessary&apos;]] (tried for 20 second(s) with 500 milliseconds interval)
Build info: version: &apos;4.39.0&apos;, revision: &apos;126f156aee&apos;
System info: os.name: &apos;Windows 11&apos;, os.arch: &apos;amd64&apos;, os.version: &apos;10.0&apos;, java.version: &apos;21.0.8&apos;
Driver info: org.openqa.selenium.chrome.ChromeDriver
Capabilities {acceptInsecureCerts: false, browserName: chrome, browserVersion: 143.0.7499.170, chrome: {chromedriverVersion: 143.0.7499.192 (be2c1f4fd45..., userDataDir: C:\Users\india\AppData\Loca...}, fedcm:accounts: true, goog:chromeOptions: {debuggerAddress: localhost:54727}, goog:processID: 18388, networkConnectionEnabled: false, pageLoadStrategy: normal, platformName: windows, proxy: Proxy(), se:cdp: ws://localhost:54727/devtoo..., se:cdpVersion: 143.0.7499.170, setWindowRect: true, strictFileInteractability: false, timeouts: {implicit: 0, pageLoad: 300000, script: 30000}, unhandledPromptBehavior: dismiss and notify, webauthn:extension:credBlob: true, webauthn:extension:largeBlob: true, webauthn:extension:minPinLength: true, webauthn:extension:prf: true, webauthn:virtualAuthenticators: true}
Session ID: 9599b0567988e1cf1a98625c6d7e72d1
	at org.openqa.selenium.support.ui.WebDriverWait.timeoutException(WebDriverWait.java:84)
	at org.openqa.selenium.support.ui.FluentWait.until(FluentWait.java:228)
	at com.creatio.crm.framework.web.commons.WebCommons.waitForElement(WebCommons.java:171)
	at com.creatio.crm.application.steps.CookiesPageSteps.verifyCookieSwitchButtons(CookiesPageSteps.java:46)
	at com.creatio.crm.application.tests.ApplicationTest.verifyCookieSwitchButtons(ApplicationTest.java:45)
	at java.base/java.util.ArrayList.forEach(ArrayList.java:1596)
... Removed 25 stack frames</pre></div><a href='#' onClick='toggleBox("stack-trace1508750581", this, "Click to show all stack frames", "Click to hide stack frames")'>Click to show all stack frames</a>
<div class='stack-trace' id='stack-trace1508750581'><pre>org.openqa.selenium.TimeoutException: Expected condition failed: waiting for visibility of [[ChromeDriver: chrome on windows (9599b0567988e1cf1a98625c6d7e72d1)] -&gt; xpath: //input[@id=&apos;CybotCookiebotDialogBodyLevelButtonNecessary&apos;]] (tried for 20 second(s) with 500 milliseconds interval)
Build info: version: &apos;4.39.0&apos;, revision: &apos;126f156aee&apos;
System info: os.name: &apos;Windows 11&apos;, os.arch: &apos;amd64&apos;, os.version: &apos;10.0&apos;, java.version: &apos;21.0.8&apos;
Driver info: org.openqa.selenium.chrome.ChromeDriver
Capabilities {acceptInsecureCerts: false, browserName: chrome, browserVersion: 143.0.7499.170, chrome: {chromedriverVersion: 143.0.7499.192 (be2c1f4fd45..., userDataDir: C:\Users\india\AppData\Loca...}, fedcm:accounts: true, goog:chromeOptions: {debuggerAddress: localhost:54727}, goog:processID: 18388, networkConnectionEnabled: false, pageLoadStrategy: normal, platformName: windows, proxy: Proxy(), se:cdp: ws://localhost:54727/devtoo..., se:cdpVersion: 143.0.7499.170, setWindowRect: true, strictFileInteractability: false, timeouts: {implicit: 0, pageLoad: 300000, script: 30000}, unhandledPromptBehavior: dismiss and notify, webauthn:extension:credBlob: true, webauthn:extension:largeBlob: true, webauthn:extension:minPinLength: true, webauthn:extension:prf: true, webauthn:virtualAuthenticators: true}
Session ID: 9599b0567988e1cf1a98625c6d7e72d1
	at org.openqa.selenium.support.ui.WebDriverWait.timeoutException(WebDriverWait.java:84)
	at org.openqa.selenium.support.ui.FluentWait.until(FluentWait.java:228)
	at com.creatio.crm.framework.web.commons.WebCommons.waitForElement(WebCommons.java:171)
	at com.creatio.crm.application.steps.CookiesPageSteps.verifyCookieSwitchButtons(CookiesPageSteps.java:46)
	at com.creatio.crm.application.tests.ApplicationTest.verifyCookieSwitchButtons(ApplicationTest.java:45)
	at java.base/jdk.internal.reflect.DirectMethodHandleAccessor.invoke(DirectMethodHandleAccessor.java:103)
	at java.base/java.lang.reflect.Method.invoke(Method.java:580)
	at org.testng.internal.invokers.MethodInvocationHelper.invokeMethod(MethodInvocationHelper.java:141)
	at org.testng.internal.invokers.TestInvoker.invokeMethod(TestInvoker.java:687)
	at org.testng.internal.invokers.TestInvoker.invokeTestMethod(TestInvoker.java:230)
	at org.testng.internal.invokers.MethodRunner.runInSequence(MethodRunner.java:63)
	at org.testng.internal.invokers.TestInvoker$MethodInvocationAgent.invoke(TestInvoker.java:995)
	at org.testng.internal.invokers.TestInvoker.invokeTestMethods(TestInvoker.java:203)
	at org.testng.internal.invokers.TestMethodWorker.invokeTestMethods(TestMethodWorker.java:154)
	at org.testng.internal.invokers.TestMethodWorker.run(TestMethodWorker.java:134)
	at java.base/java.util.ArrayList.forEach(ArrayList.java:1596)
	at org.testng.TestRunner.privateRun(TestRunner.java:741)
	at org.testng.TestRunner.run(TestRunner.java:616)
	at org.testng.SuiteRunner.runTest(SuiteRunner.java:421)
	at org.testng.SuiteRunner.runSequentially(SuiteRunner.java:413)
	at org.testng.SuiteRunner.privateRun(SuiteRunner.java:373)
	at org.testng.SuiteRunner.run(SuiteRunner.java:312)
	at org.testng.SuiteRunnerWorker.runSuite(SuiteRunnerWorker.java:52)
	at org.testng.SuiteRunnerWorker.run(SuiteRunnerWorker.java:95)
	at org.testng.TestNG.runSuitesSequentially(TestNG.java:1274)
	at org.testng.TestNG.runSuitesLocally(TestNG.java:1208)
	at org.testng.TestNG.runSuites(TestNG.java:1112)
	at org.testng.TestNG.run(TestNG.java:1079)
	at org.testng.remote.AbstractRemoteTestNG.run(AbstractRemoteTestNG.java:115)
	at org.testng.remote.RemoteTestNG.initAndRun(RemoteTestNG.java:293)
	at org.testng.remote.RemoteTestNG.main(RemoteTestNG.java:91)
</pre></div></td>
<td>24</td>
<td>com.creatio.crm.application.tests.ApplicationTest@710f4dc7</td></tr>
</table><p>
<table width='100%' border='1' class='invocation-passed'>
<tr><td colspan='4' align='center'><b>PASSED TESTS</b></td></tr>
<tr><td><b>Test method</b></td>
<td><b>Attribute(s)</b></td>
<td width="30%"><b>Exception</b></td>
<td width="10%"><b>Time (seconds)</b></td>
<td><b>Instance</b></td>
</tr>
<tr>
<td title='com.creatio.crm.application.tests.ApplicationTest.verifyForgotPasswordLink()'><b>verifyForgotPasswordLink</b><br>Test class: com.creatio.crm.application.tests.ApplicationTest<br>Parameters: bharathtechacademy20@outlook.com</td>
<td></td>
<td>4</td>
<td>com.creatio.crm.application.tests.ApplicationTest@710f4dc7</td></tr>
<tr>
<td title='com.creatio.crm.application.tests.ApplicationTest.verifyCookiesPopupDisplayed()'><b>verifyCookiesPopupDisplayed</b><br>Test class: com.creatio.crm.application.tests.ApplicationTest</td>
<td></td>
<td>4</td>
<td>com.creatio.crm.application.tests.ApplicationTest@710f4dc7</td></tr>
<tr>
<td title='com.creatio.crm.application.tests.ApplicationTest.verifyLogoutFunctionality()'><b>verifyLogoutFunctionality</b><br>Test class: com.creatio.crm.application.tests.ApplicationTest<br>Parameters: bharathtechacademy20@outlook.com, BharathTechAcademy@123</td>
<td></td>
<td>23</td>
<td>com.creatio.crm.application.tests.ApplicationTest@710f4dc7</td></tr>
<tr>
<td title='com.creatio.crm.application.tests.ApplicationTest.verifySocialMediaLinksDisplayedInLoginPage()'><b>verifySocialMediaLinksDisplayedInLoginPage</b><br>Test class: com.creatio.crm.application.tests.ApplicationTest</td>
<td></td>
<td>4</td>
<td>com.creatio.crm.application.tests.ApplicationTest@710f4dc7</td></tr>
<tr>
<td title='com.creatio.crm.application.tests.ApplicationTest.verifyShowDetailsLinkAndExpandedView()'><b>verifyShowDetailsLinkAndExpandedView</b><br>Test class: com.creatio.crm.application.tests.ApplicationTest</td>
<td></td>
<td>2</td>
<td>com.creatio.crm.application.tests.ApplicationTest@710f4dc7</td></tr>
<tr>
<td title='com.creatio.crm.application.tests.ApplicationTest.verifyCookiesPopupContent()'><b>verifyCookiesPopupContent</b><br>Test class: com.creatio.crm.application.tests.ApplicationTest<br>Parameters: We may use cookies and similar technologies to collect information about the ways you interact with and use the website, to support and enhance features and functionality, to monitor performance, to personalize content and experiences, for marketing and analytics, and for other lawful purposes. We also may share information about your use of our site with our social media, advertising and analytics partners who may combine it with other information that you’ve provided to them or that they’ve collected from your use of their services. Please, see more details on the "About" tab</td>
<td></td>
<td>4</td>
<td>com.creatio.crm.application.tests.ApplicationTest@710f4dc7</td></tr>
<tr>
<td title='com.creatio.crm.application.tests.ApplicationTest.verifyCookiesPopupClosedOnAllowAll()'><b>verifyCookiesPopupClosedOnAllowAll</b><br>Test class: com.creatio.crm.application.tests.ApplicationTest</td>
<td></td>
<td>5</td>
<td>com.creatio.crm.application.tests.ApplicationTest@710f4dc7</td></tr>
<tr>
<td title='com.creatio.crm.application.tests.ApplicationTest.verifyLoginFunctionality()'><b>verifyLoginFunctionality</b><br>Test class: com.creatio.crm.application.tests.ApplicationTest<br>Parameters: bharathtechacademy20@outlook.com, BharathTechAcademy@123</td>
<td></td>
<td>14</td>
<td>com.creatio.crm.application.tests.ApplicationTest@710f4dc7</td></tr>
<tr>
<td title='com.creatio.crm.application.tests.ApplicationTest.verifySignUpLinkFunctionality()'><b>verifySignUpLinkFunctionality</b><br>Test class: com.creatio.crm.application.tests.ApplicationTest</td>
<td></td>
<td>6</td>
<td>com.creatio.crm.application.tests.ApplicationTest@710f4dc7</td></tr>
<tr>
<td title='com.creatio.crm.application.tests.ApplicationTest.verifyCookiesPopupLogos()'><b>verifyCookiesPopupLogos</b><br>Test class: com.creatio.crm.application.tests.ApplicationTest</td>
<td></td>
<td>4</td>
<td>com.creatio.crm.application.tests.ApplicationTest@710f4dc7</td></tr>
<tr>
<td title='com.creatio.crm.application.tests.ApplicationTest.verifyCookiesPopupClosedOnDeny()'><b>verifyCookiesPopupClosedOnDeny</b><br>Test class: com.creatio.crm.application.tests.ApplicationTest</td>
<td></td>
<td>5</td>
<td>com.creatio.crm.application.tests.ApplicationTest@710f4dc7</td></tr>
<tr>
<td title='com.creatio.crm.application.tests.ApplicationTest.verifyCookieSelectionButtons()'><b>verifyCookieSelectionButtons</b><br>Test class: com.creatio.crm.application.tests.ApplicationTest</td>
<td></td>
<td>4</td>
<td>com.creatio.crm.application.tests.ApplicationTest@710f4dc7</td></tr>
</table><p>
</body>
</html>